сен 22, 2018 1:15:50 AM lab1part3.tcpV2.TCPServerV2 setLogger
FINEST: Finnest message: Logger with SIMPLE FORMATTER
сен 22, 2018 1:15:50 AM lab1part3.tcpV2.TCPServerV2 main
INFO: Server created successfully
сен 22, 2018 1:15:55 AM lab1part3.tcpV2.TCPServerV2 main
INFO: Client accepted
сен 22, 2018 1:15:55 AM lab1part3.tcpV2.TCPServerV2 main
INFO: Client thread started. Client thread number: 0. Thread name Thread-1
сен 22, 2018 1:15:58 AM lab1part3.tcpV2.TCPServerV2 main
INFO: Client accepted
сен 22, 2018 1:15:58 AM lab1part3.tcpV2.TCPServerV2 main
INFO: Client thread started. Client thread number: 1. Thread name Thread-2
сен 22, 2018 1:16:03 AM lab1part3.tcpV2.TCPServerV2 main
INFO: Client accepted
сен 22, 2018 1:16:03 AM lab1part3.tcpV2.TCPServerV2 main
INFO: Client thread started. Client thread number: 2. Thread name Thread-3
сен 22, 2018 1:16:06 AM lab1part3.tcpV2.TCPServerV2 main
INFO: Client accepted
сен 22, 2018 1:16:06 AM lab1part3.tcpV2.TCPServerV2 main
INFO: Client thread started. Client thread number: 3. Thread name Thread-4
